<?xml version="1.0" encoding="UTF-8"?>
<testng-results ignored="1" total="2" passed="0" failed="1" skipped="0">
  <reporter-output>
  </reporter-output>
  <suite started-at="2020-06-13T10:26:09 BST" name="Default suite" finished-at="2020-06-13T10:26:17 BST" duration-ms="8620">
    <groups>
    </groups>
    <test started-at="2020-06-13T10:26:09 BST" name="Default test" finished-at="2020-06-13T10:26:17 BST" duration-ms="8620">
      <class name="ukfs.Testcases.VerifyContractVinylNavBar">
        <test-method is-config="true" signature="beforeTest()[pri:0, instance:ukfs.Testcases.VerifyContractVinylNavBar@7502291e]" started-at="2020-06-13T10:26:09 BST" name="beforeTest" finished-at="2020-06-13T10:26:14 BST" duration-ms="5473" status="PASS">
          <reporter-output>
          </reporter-output>
        </test-method> <!-- beforeTest -->
        <test-method signature="verifyPageTitleContractVinyl()[pri:0, instance:ukfs.Testcases.VerifyContractVinylNavBar@7502291e]" started-at="2020-06-13T10:26:14 BST" name="verifyPageTitleContractVinyl" finished-at="2020-06-13T10:26:17 BST" duration-ms="3112" status="FAIL">
          <exception class="java.lang.NullPointerException">
            <full-stacktrace>
              <![CDATA[java.lang.NullPointerException
at java.base/java.util.Objects.requireNonNull(Objects.java:222)
at org.openqa.selenium.interactions.Actions.<init>(Actions.java:65)
at Contract_Vinyl.ContractVinylNavBar.<init>(ContractVinylNavBar.java:21)
at ukfs.Testcases.VerifyContractVinylNavBar.verifyPageTitleContractVinyl(VerifyContractVinylNavBar.java:48)
at java.base/jdk.internal.reflect.NativeMethodAccessorImpl.invoke0(Native Method)
at java.base/jdk.internal.reflect.NativeMethodAccessorImpl.invoke(NativeMethodAccessorImpl.java:62)
at java.base/jdk.internal.reflect.DelegatingMethodAccessorImpl.invoke(DelegatingMethodAccessorImpl.java:43)
at java.base/java.lang.reflect.Method.invoke(Method.java:564)
at org.testng.internal.MethodInvocationHelper.invokeMethod(MethodInvocationHelper.java:135)
at org.testng.internal.TestInvoker.invokeMethod(TestInvoker.java:598)
at org.testng.internal.TestInvoker.invokeTestMethod(TestInvoker.java:174)
at org.testng.internal.MethodRunner.runInSequence(MethodRunner.java:46)
at org.testng.internal.TestInvoker$MethodInvocationAgent.invoke(TestInvoker.java:821)
at org.testng.internal.TestInvoker.invokeTestMethods(TestInvoker.java:147)
at org.testng.internal.TestMethodWorker.invokeTestMethods(TestMethodWorker.java:146)
at org.testng.internal.TestMethodWorker.run(TestMethodWorker.java:128)
at java.base/java.util.ArrayList.forEach(ArrayList.java:1510)
at org.testng.TestRunner.privateRun(TestRunner.java:767)
at org.testng.TestRunner.run(TestRunner.java:588)
at org.testng.SuiteRunner.runTest(SuiteRunner.java:384)
at org.testng.SuiteRunner.runSequentially(SuiteRunner.java:378)
at org.testng.SuiteRunner.privateRun(SuiteRunner.java:337)
at org.testng.SuiteRunner.run(SuiteRunner.java:286)
at org.testng.SuiteRunnerWorker.runSuite(SuiteRunnerWorker.java:53)
at org.testng.SuiteRunnerWorker.run(SuiteRunnerWorker.java:96)
at org.testng.TestNG.runSuitesSequentially(TestNG.java:1214)
at org.testng.TestNG.runSuitesLocally(TestNG.java:1136)
at org.testng.TestNG.runSuites(TestNG.java:1066)
at org.testng.TestNG.run(TestNG.java:1034)
at org.testng.remote.AbstractRemoteTestNG.run(AbstractRemoteTestNG.java:115)
at org.testng.remote.RemoteTestNG.initAndRun(RemoteTestNG.java:251)
at org.testng.remote.RemoteTestNG.main(RemoteTestNG.java:77)
]]>
            </full-stacktrace>
          </exception> <!-- java.lang.NullPointerException -->
          <reporter-output>
          </reporter-output>
        </test-method> <!-- verifyPageTitleContractVinyl -->
      </class> <!-- ukfs.Testcases.VerifyContractVinylNavBar -->
    </test> <!-- Default test -->
  </suite> <!-- Default suite -->
</testng-results>
